<?xml version="1.0" encoding="UTF-8"?>
<testng-results ignored="0" total="2" passed="2" failed="0" skipped="0">
  <reporter-output>
  </reporter-output>
  <suite started-at="2024-05-07T11:26:08 IST" name="Suite" finished-at="2024-05-07T11:26:13 IST" duration-ms="4929">
    <groups>
    </groups>
    <test started-at="2024-05-07T11:26:08 IST" name="Test" finished-at="2024-05-07T11:26:13 IST" duration-ms="4929">
      <class name="Practice_Day8.Create">
        <test-method signature="create(org.testng.ITestContext)[pri:0, instance:Practice_Day8.Create@209da20d]" started-at="2024-05-07T11:26:08 IST" name="create" finished-at="2024-05-07T11:26:13 IST" duration-ms="4406" status="PASS">
          <params>
            <param index="0">
              <value>
                <![CDATA[org.testng.TestRunner@4201c465]]>
              </value>
            </param>
          </params>
          <reporter-output>
          </reporter-output>
        </test-method> <!-- create -->
      </class> <!-- Practice_Day8.Create -->
      <class name="Practice_Day8.update">
        <test-method signature="updateuser(org.testng.ITestContext)[pri:0, instance:Practice_Day8.update@729d991e]" started-at="2024-05-07T11:26:13 IST" name="updateuser" finished-at="2024-05-07T11:26:13 IST" duration-ms="460" status="PASS">
          <params>
            <param index="0">
              <value>
                <![CDATA[org.testng.TestRunner@4201c465]]>
              </value>
            </param>
          </params>
          <reporter-output>
          </reporter-output>
        </test-method> <!-- updateuser -->
      </class> <!-- Practice_Day8.update -->
    </test> <!-- Test -->
  </suite> <!-- Suite -->
</testng-results>
