<?xml version="1.0" encoding="UTF-8"?>
<!-- Generated by org.testng.reporters.JUnitXMLReporter -->
<testsuite ignored="0" hostname="DESKTOP-NQ2L7NS" failures="0" tests="10" name="Default test" time="2.618" errors="0" timestamp="2023-07-06T15:17:33 IST">
  <testcase classname="Youtube.Google" name="test" time="1.265"/>
  <testcase classname="Youtube.Google" name="test" time="0.236"/>
  <testcase classname="Youtube.Google" name="test" time="0.185"/>
  <testcase classname="Youtube.Google" name="test" time="0.138"/>
  <testcase classname="Youtube.Google" name="test" time="0.152"/>
  <testcase classname="Youtube.Google" name="test" time="0.106"/>
  <testcase classname="Youtube.Google" name="test" time="0.128"/>
  <testcase classname="Youtube.Google" name="test" time="0.109"/>
  <testcase classname="Youtube.Google" name="test" time="0.09"/>
  <testcase classname="Youtube.Google" name="test" time="0.124"/>
</testsuite> <!-- Default test -->
