<?xml version="1.0" encoding="UTF-8"?>
<testng-results ignored="0" total="10" passed="10" failed="0" skipped="0">
  <reporter-output>
  </reporter-output>
  <suite started-at="2023-07-06T15:17:30 IST" name="Default suite" finished-at="2023-07-06T15:17:33 IST" duration-ms="2618">
    <groups>
    </groups>
    <test started-at="2023-07-06T15:17:30 IST" name="Default test" finished-at="2023-07-06T15:17:33 IST" duration-ms="2618">
      <class name="Youtube.Google">
        <test-method signature="test()[pri:0, instance:Youtube.Google@6bedbc4d]" started-at="2023-07-06T15:17:30 IST" name="test" finished-at="2023-07-06T15:17:32 IST" duration-ms="1265" status="PASS">
          <reporter-output>
          </reporter-output>
        </test-method> <!-- test -->
        <test-method signature="test()[pri:0, instance:Youtube.Google@6bedbc4d]" started-at="2023-07-06T15:17:32 IST" name="test" finished-at="2023-07-06T15:17:32 IST" duration-ms="236" status="PASS">
          <reporter-output>
          </reporter-output>
        </test-method> <!-- test -->
        <test-method signature="test()[pri:0, instance:Youtube.Google@6bedbc4d]" started-at="2023-07-06T15:17:32 IST" name="test" finished-at="2023-07-06T15:17:32 IST" duration-ms="185" status="PASS">
          <reporter-output>
          </reporter-output>
        </test-method> <!-- test -->
        <test-method signature="test()[pri:0, instance:Youtube.Google@6bedbc4d]" started-at="2023-07-06T15:17:32 IST" name="test" finished-at="2023-07-06T15:17:32 IST" duration-ms="138" status="PASS">
          <reporter-output>
          </reporter-output>
        </test-method> <!-- test -->
        <test-method signature="test()[pri:0, instance:Youtube.Google@6bedbc4d]" started-at="2023-07-06T15:17:32 IST" name="test" finished-at="2023-07-06T15:17:32 IST" duration-ms="152" status="PASS">
          <reporter-output>
          </reporter-output>
        </test-method> <!-- test -->
        <test-method signature="test()[pri:0, instance:Youtube.Google@6bedbc4d]" started-at="2023-07-06T15:17:32 IST" name="test" finished-at="2023-07-06T15:17:32 IST" duration-ms="106" status="PASS">
          <reporter-output>
          </reporter-output>
        </test-method> <!-- test -->
        <test-method signature="test()[pri:0, instance:Youtube.Google@6bedbc4d]" started-at="2023-07-06T15:17:32 IST" name="test" finished-at="2023-07-06T15:17:33 IST" duration-ms="128" status="PASS">
          <reporter-output>
          </reporter-output>
        </test-method> <!-- test -->
        <test-method signature="test()[pri:0, instance:Youtube.Google@6bedbc4d]" started-at="2023-07-06T15:17:33 IST" name="test" finished-at="2023-07-06T15:17:33 IST" duration-ms="109" status="PASS">
          <reporter-output>
          </reporter-output>
        </test-method> <!-- test -->
        <test-method signature="test()[pri:0, instance:Youtube.Google@6bedbc4d]" started-at="2023-07-06T15:17:33 IST" name="test" finished-at="2023-07-06T15:17:33 IST" duration-ms="90" status="PASS">
          <reporter-output>
          </reporter-output>
        </test-method> <!-- test -->
        <test-method signature="test()[pri:0, instance:Youtube.Google@6bedbc4d]" started-at="2023-07-06T15:17:33 IST" name="test" finished-at="2023-07-06T15:17:33 IST" duration-ms="124" status="PASS">
          <reporter-output>
          </reporter-output>
        </test-method> <!-- test -->
      </class> <!-- Youtube.Google -->
    </test> <!-- Default test -->
  </suite> <!-- Default suite -->
</testng-results>
